<?xml version="1.0" encoding="UTF-8" ?>
<testsuite tests="21" failures="0" name="CucumberRunner.AddToCartTest" time="44.436" errors="0" skipped="0">
  <properties>
    <property name="java.runtime.name" value="OpenJDK Runtime Environment"/>
    <property name="java.vm.version" value="16.0.1+0"/>
    <property name="sun.boot.library.path" value="/usr/local/Cellar/openjdk/16.0.1/libexec/openjdk.jdk/Contents/Home/lib"/>
    <property name="maven.multiModuleProjectDirectory" value="/Users/shivanip/Documents/CucumberDemo/CucumberDemo"/>
    <property name="java.vm.vendor" value="Homebrew"/>
    <property name="java.vendor.url" value="https://github.com/Homebrew/homebrew-core/issues"/>
    <property name="guice.disable.misplaced.annotation.check" value="true"/>
    <property name="path.separator" value=":"/>
    <property name="java.vm.name" value="OpenJDK 64-Bit Server VM"/>
    <property name="user.country" value="IN"/>
    <property name="sun.java.launcher" value="SUN_STANDARD"/>
    <property name="java.vm.specification.name" value="Java Virtual Machine Specification"/>
    <property name="user.dir" value="/Users/shivanip/Documents/CucumberDemo/CucumberDemo"/>
    <property name="java.vm.compressedOopsMode" value="Zero based"/>
    <property name="java.runtime.version" value="16.0.1+0"/>
    <property name="os.arch" value="x86_64"/>
    <property name="java.io.tmpdir" value="/var/folders/_s/sh4tblqj6xj4wmnw9vcfm2_h0000gn/T/"/>
    <property name="line.separator" value="
"/>
    <property name="java.vm.specification.vendor" value="Oracle Corporation"/>
    <property name="https.proxyHost" value="127.0.0.1"/>
    <property name="os.name" value="Mac OS X"/>
    <property name="classworlds.conf" value="/usr/local/Cellar/maven/3.8.1/libexec/bin/m2.conf"/>
    <property name="sun.jnu.encoding" value="UTF-8"/>
    <property name="http.proxyPort" value="8888"/>
    <property name="java.library.path" value="/Users/shivanip/Library/Java/Extensions:/Library/Java/Extensions:/Network/Library/Java/Extensions:/System/Library/Java/Extensions:/usr/lib/java:."/>
    <property name="maven.conf" value="/usr/local/Cellar/maven/3.8.1/libexec/conf"/>
    <property name="jdk.debug" value="release"/>
    <property name="java.class.version" value="60.0"/>
    <property name="java.specification.name" value="Java Platform API Specification"/>
    <property name="sun.management.compiler" value="HotSpot 64-Bit Tiered Compilers"/>
    <property name="os.version" value="10.15.6"/>
    <property name="library.jansi.path" value="/usr/local/Cellar/maven/3.8.1/libexec/lib/jansi-native"/>
    <property name="user.home" value="/Users/shivanip"/>
    <property name="user.timezone" value="Asia/Kolkata"/>
    <property name="file.encoding" value="US-ASCII"/>
    <property name="java.specification.version" value="16"/>
    <property name="user.name" value="shivanip"/>
    <property name="java.class.path" value="/usr/local/Cellar/maven/3.8.1/libexec/boot/plexus-classworlds-2.6.0.jar"/>
    <property name="java.vm.specification.version" value="16"/>
    <property name="sun.arch.data.model" value="64"/>
    <property name="sun.java.command" value="org.codehaus.plexus.classworlds.launcher.Launcher clean verify"/>
    <property name="java.home" value="/usr/local/Cellar/openjdk/16.0.1/libexec/openjdk.jdk/Contents/Home"/>
    <property name="user.language" value="en"/>
    <property name="java.specification.vendor" value="Oracle Corporation"/>
    <property name="java.vm.info" value="mixed mode, sharing"/>
    <property name="java.version" value="16.0.1"/>
    <property name="http.proxyHost" value="127.0.0.1"/>
    <property name="java.vendor" value="Homebrew"/>
    <property name="maven.home" value="/usr/local/Cellar/maven/3.8.1/libexec"/>
    <property name="file.separator" value="/"/>
    <property name="java.version.date" value="2021-04-20"/>
    <property name="java.vendor.url.bug" value="https://github.com/Homebrew/homebrew-core/issues"/>
    <property name="sun.io.unicode.encoding" value="UnicodeBig"/>
    <property name="sun.cpu.endian" value="little"/>
    <property name="java.vendor.version" value="Homebrew"/>
    <property name="https.proxyPort" value="8888"/>
  </properties>
  <testcase classname="when user searches #1" name="user is in home page" time="11.492"/>
  <testcase classname="when user searches #1" name="user searches &quot;vneck&quot;" time="2.971"/>
  <testcase classname="when user searches #1" name="user should be taken to search result page" time="0.102"/>
  <testcase classname="when user searches #1" name="when user searches #1" time="0.107"/>
  <testcase classname="when user searches #2" name="user is in home page" time="8.122"/>
  <testcase classname="when user searches #2" name="user searches &quot;polo&quot;" time="3.285"/>
  <testcase classname="when user searches #2" name="user should be taken to search result page" time="0.091"/>
  <testcase classname="when user searches #2" name="when user searches #2" time="0.092"/>
  <testcase classname="when user searches #3" name="user is in home page" time="4.554"/>
  <testcase classname="when user searches #3" name="user searches &quot;hoodies&quot;" time="0.615"/>
  <testcase classname="when user searches #3" name="user should be taken to search result page" time="0.088"/>
  <testcase classname="when user searches #3" name="when user searches #3" time="0.089"/>
  <testcase classname="the user should be able to search the product" name="user is in home page" time="4.211"/>
  <testcase classname="the user should be able to search the product" name="user logs in" time="1.161"/>
  <testcase classname="the user should be able to search the product" name="user types in search bar and clicks enter &quot;tshirt&quot;" time="1.1"/>
  <testcase classname="the user should be able to search the product" name="user should be taken to search result page" time="0.089"/>
  <testcase classname="the user should be able to search the product" name="the user should be able to search the product" time="0.09"/>
  <testcase classname="the user gives wrong credentials" name="user is in home page" time="5.23"/>
  <testcase classname="the user gives wrong credentials" name="user enters wrong credentials" time="0.716"/>
  <testcase classname="the user gives wrong credentials" name="user shouldn&apos;t be logged in" time="0.115"/>
  <testcase classname="the user gives wrong credentials" name="the user gives wrong credentials" time="0.116"/>
</testsuite>